<?xml version="1.0" encoding="UTF-8"?>
<!-- Generated by org.testng.reporters.JUnitXMLReporter -->
<testsuite ignored="0" hostname="DESKTOP-9MH3L0N" failures="1" tests="1" name="Default test" time="1.764" errors="0" timestamp="2025-03-17T13:55:13 IST">
  <testcase classname="io.cucumber.testng.AbstractTestNGCucumberTests" name="runScenario" time="0.367">
    <failure type="java.lang.IllegalArgumentException" message="Driver must be set">
      <![CDATA[java.lang.IllegalArgumentException: Driver must be set
at org.openqa.selenium.internal.Require.nonNull(Require.java:64)
at org.openqa.selenium.interactions.Actions.<init>(Actions.java:67)
at org.openqa.selenium.interactions.Actions.<init>(Actions.java:63)
at com.PROJECTPS.pages.PS01_LoginPage.navigateToMyAccount(PS01_LoginPage.java:29)
at com.PROJECTPS.stepdefinition.PS01_LoginStepDef.the_user_should_be_in_login_page(PS01_LoginStepDef.java:27)
at ✽.the user should be in login page(file:///C:/Users/USER/git/repository6/com.cucumber/src/test/java/com/PROJECTPS/features/PS01_Login.feature:6)
]]>
    </failure>
  </testcase> <!-- runScenario -->
</testsuite> <!-- Default test -->
