<?xml version="1.0" encoding="UTF-8"?>
<testng-results ignored="0" total="1" passed="0" failed="1" skipped="0">
  <reporter-output>
  </reporter-output>
  <suite started-at="2025-03-17T13:55:11 IST" name="Default suite" finished-at="2025-03-17T13:55:13 IST" duration-ms="1764">
    <groups>
      <group name="cucumber">
        <method signature="AbstractTestNGCucumberTests.runScenario(io.cucumber.testng.PickleWrapper,io.cucumber.testng.FeatureWrapper)[pri:0, instance:com.PROJECTPS.testrunner.RunnerClass@183ec003]" name="runScenario" class="io.cucumber.testng.AbstractTestNGCucumberTests"/>
      </group> <!-- cucumber -->
    </groups>
    <test started-at="2025-03-17T13:55:11 IST" name="Default test" finished-at="2025-03-17T13:55:13 IST" duration-ms="1764">
      <class name="com.PROJECTPS.testrunner.RunnerClass">
        <test-method is-config="true" signature="setUpClass(org.testng.ITestContext)[pri:0, instance:com.PROJECTPS.testrunner.RunnerClass@183ec003]" started-at="2025-03-17T13:55:11 IST" name="setUpClass" finished-at="2025-03-17T13:55:12 IST" duration-ms="1220" status="PASS">
          <params>
            <param index="0">
              <value>
                <![CDATA[org.testng.TestRunner@3044e9c7]]>
              </value>
            </param>
          </params>
          <reporter-output>
          </reporter-output>
        </test-method> <!-- setUpClass -->
        <test-method signature="runScenario(io.cucumber.testng.PickleWrapper,io.cucumber.testng.FeatureWrapper)[pri:0, instance:com.PROJECTPS.testrunner.RunnerClass@183ec003]" started-at="2025-03-17T13:55:12 IST" name="runScenario" description="Runs Cucumber Scenarios" data-provider="scenarios" finished-at="2025-03-17T13:55:12 IST" duration-ms="367" status="FAIL">
          <params>
            <param index="0">
              <value>
                <![CDATA["Validation of login using valid credentials"]]>
              </value>
            </param>
            <param index="1">
              <value>
                <![CDATA["Login Functionality"]]>
              </value>
            </param>
          </params>
          <exception class="java.lang.IllegalArgumentException">
            <message>
              <![CDATA[Driver must be set]]>
            </message>
            <full-stacktrace>
              <![CDATA[java.lang.IllegalArgumentException: Driver must be set
at org.openqa.selenium.internal.Require.nonNull(Require.java:64)
at org.openqa.selenium.interactions.Actions.<init>(Actions.java:67)
at org.openqa.selenium.interactions.Actions.<init>(Actions.java:63)
at com.PROJECTPS.pages.PS01_LoginPage.navigateToMyAccount(PS01_LoginPage.java:29)
at com.PROJECTPS.stepdefinition.PS01_LoginStepDef.the_user_should_be_in_login_page(PS01_LoginStepDef.java:27)
at ✽.the user should be in login page(file:///C:/Users/USER/git/repository6/com.cucumber/src/test/java/com/PROJECTPS/features/PS01_Login.feature:6)
]]>
            </full-stacktrace>
          </exception> <!-- java.lang.IllegalArgumentException -->
          <reporter-output>
          </reporter-output>
        </test-method> <!-- runScenario -->
        <test-method is-config="true" signature="tearDownClass()[pri:0, instance:com.PROJECTPS.testrunner.RunnerClass@183ec003]" started-at="2025-03-17T13:55:12 IST" name="tearDownClass" finished-at="2025-03-17T13:55:13 IST" duration-ms="67" status="PASS">
          <reporter-output>
          </reporter-output>
        </test-method> <!-- tearDownClass -->
      </class> <!-- com.PROJECTPS.testrunner.RunnerClass -->
    </test> <!-- Default test -->
  </suite> <!-- Default suite -->
</testng-results>
