<?xml version="1.0" encoding="UTF-8"?>
<testng-results ignored="0" total="1" passed="1" failed="0" skipped="0">
  <reporter-output>
  </reporter-output>
  <suite started-at="2025-03-15T16:22:46 IST" name="Default suite" finished-at="2025-03-15T16:23:04 IST" duration-ms="17325">
    <groups>
    </groups>
    <test started-at="2025-03-15T16:22:46 IST" name="Default test" finished-at="2025-03-15T16:23:04 IST" duration-ms="17325">
      <class name="com.cucumber.test.test1">
        <test-method signature="testCase1()[pri:0, instance:com.cucumber.test.test1@65c7a252]" started-at="2025-03-15T16:22:47 IST" name="testCase1" finished-at="2025-03-15T16:23:04 IST" duration-ms="17021" status="PASS">
          <reporter-output>
          </reporter-output>
        </test-method> <!-- testCase1 -->
      </class> <!-- com.cucumber.test.test1 -->
    </test> <!-- Default test -->
  </suite> <!-- Default suite -->
</testng-results>
