<?xml version="1.0" encoding="UTF-8"?>
<!-- Generated by org.testng.reporters.JUnitReportReporter -->
<testsuite hostname="DESKTOP-9MH3L0N" failures="0" tests="1" name="com.PROJECTPS.testrunner.RunnerClass" time="0.367" errors="1" timestamp="2025-03-17T13:55:13 IST" skipped="0">
  <testcase classname="com.PROJECTPS.testrunner.RunnerClass" name="runScenario" time="0.367">
    <error message="Driver must be set" type="java.lang.IllegalArgumentException">
      <![CDATA[java.lang.IllegalArgumentException: Driver must be set
at org.openqa.selenium.internal.Require.nonNull(Require.java:64)
at org.openqa.selenium.interactions.Actions.<init>(Actions.java:67)
at org.openqa.selenium.interactions.Actions.<init>(Actions.java:63)
at com.PROJECTPS.pages.PS01_LoginPage.navigateToMyAccount(PS01_LoginPage.java:29)
at com.PROJECTPS.stepdefinition.PS01_LoginStepDef.the_user_should_be_in_login_page(PS01_LoginStepDef.java:27)
at ✽.the user should be in login page(file:///C:/Users/USER/git/repository6/com.cucumber/src/test/java/com/PROJECTPS/features/PS01_Login.feature:6)
]]>
    </error>
  </testcase> <!-- runScenario -->
</testsuite> <!-- com.PROJECTPS.testrunner.RunnerClass -->
